[2023-11-14 19:03:22Z INFO HostContext] No proxy settings were found based on environmental variables (http_proxy/https_proxy/HTTP_PROXY/HTTPS_PROXY)
[2023-11-14 19:03:22Z INFO HostContext] Well known directory 'Bin': 'C:\Users\Sergio\TFG\4.2.Integracion-y-entrega-continua-ejem-1\actions-runner\bin'
[2023-11-14 19:03:22Z INFO HostContext] Well known directory 'Root': 'C:\Users\Sergio\TFG\4.2.Integracion-y-entrega-continua-ejem-1\actions-runner'
[2023-11-14 19:03:22Z INFO HostContext] Well known config file 'Credentials': 'C:\Users\Sergio\TFG\4.2.Integracion-y-entrega-continua-ejem-1\actions-runner\.credentials'
[2023-11-14 19:03:22Z INFO HostContext] Well known directory 'Bin': 'C:\Users\Sergio\TFG\4.2.Integracion-y-entrega-continua-ejem-1\actions-runner\bin'
[2023-11-14 19:03:22Z INFO HostContext] Well known directory 'Root': 'C:\Users\Sergio\TFG\4.2.Integracion-y-entrega-continua-ejem-1\actions-runner'
[2023-11-14 19:03:22Z INFO HostContext] Well known config file 'Runner': 'C:\Users\Sergio\TFG\4.2.Integracion-y-entrega-continua-ejem-1\actions-runner\.runner'
[2023-11-14 19:03:22Z INFO Listener] Runner is built for Windows (X64) - win-x64.
[2023-11-14 19:03:22Z INFO Listener] RuntimeInformation: Microsoft Windows 10.0.19045.
[2023-11-14 19:03:22Z INFO Listener] Version: 2.311.0
[2023-11-14 19:03:22Z INFO Listener] Commit: f5cff308c83746dddd726a9a28a1583872305aaa
[2023-11-14 19:03:22Z INFO Listener] Culture: es-ES
[2023-11-14 19:03:22Z INFO Listener] UI Culture: es-ES
[2023-11-14 19:03:22Z INFO HostContext] Well known directory 'Bin': 'C:\Users\Sergio\TFG\4.2.Integracion-y-entrega-continua-ejem-1\actions-runner\bin'
[2023-11-14 19:03:22Z INFO HostContext] Well known directory 'Root': 'C:\Users\Sergio\TFG\4.2.Integracion-y-entrega-continua-ejem-1\actions-runner'
[2023-11-14 19:03:22Z INFO Listener] Validating directory permissions for: 'C:\Users\Sergio\TFG\4.2.Integracion-y-entrega-continua-ejem-1\actions-runner'
[2023-11-14 19:03:22Z INFO CommandLineParser] Parse
[2023-11-14 19:03:22Z INFO CommandLineParser] Parsing 5 args
[2023-11-14 19:03:22Z INFO CommandLineParser] parsing argument
[2023-11-14 19:03:22Z INFO CommandLineParser] HasArgs: False
[2023-11-14 19:03:22Z INFO CommandLineParser] Adding Command: configure
[2023-11-14 19:03:22Z INFO CommandLineParser] parsing argument
[2023-11-14 19:03:22Z INFO CommandLineParser] HasArgs: True
[2023-11-14 19:03:22Z INFO CommandLineParser] arg: url
[2023-11-14 19:03:22Z INFO CommandLineParser] parsing argument
[2023-11-14 19:03:22Z INFO CommandLineParser] HasArgs: True
[2023-11-14 19:03:22Z INFO CommandLineParser] Adding option 'url': 'https://github.com/Torres289/4.2.Integracion-y-entrega-continua-ejem-1'
[2023-11-14 19:03:22Z INFO CommandLineParser] parsing argument
[2023-11-14 19:03:22Z INFO CommandLineParser] HasArgs: True
[2023-11-14 19:03:22Z INFO CommandLineParser] arg: token
[2023-11-14 19:03:22Z INFO CommandLineParser] parsing argument
[2023-11-14 19:03:22Z INFO CommandLineParser] HasArgs: True
[2023-11-14 19:03:22Z INFO CommandLineParser] Adding option 'token': '***'
[2023-11-14 19:03:22Z INFO Listener] Arguments parsed
[2023-11-14 19:03:22Z INFO Runner] ExecuteCommand
[2023-11-14 19:03:22Z INFO ConfigurationStore] currentAssemblyLocation: C:\Users\Sergio\TFG\4.2.Integracion-y-entrega-continua-ejem-1\actions-runner\bin\Runner.Listener.dll
[2023-11-14 19:03:22Z INFO HostContext] Well known directory 'Bin': 'C:\Users\Sergio\TFG\4.2.Integracion-y-entrega-continua-ejem-1\actions-runner\bin'
[2023-11-14 19:03:22Z INFO ConfigurationStore] binPath: C:\Users\Sergio\TFG\4.2.Integracion-y-entrega-continua-ejem-1\actions-runner\bin
[2023-11-14 19:03:22Z INFO HostContext] Well known directory 'Bin': 'C:\Users\Sergio\TFG\4.2.Integracion-y-entrega-continua-ejem-1\actions-runner\bin'
[2023-11-14 19:03:22Z INFO HostContext] Well known directory 'Root': 'C:\Users\Sergio\TFG\4.2.Integracion-y-entrega-continua-ejem-1\actions-runner'
[2023-11-14 19:03:22Z INFO ConfigurationStore] RootFolder: C:\Users\Sergio\TFG\4.2.Integracion-y-entrega-continua-ejem-1\actions-runner
[2023-11-14 19:03:22Z INFO HostContext] Well known directory 'Bin': 'C:\Users\Sergio\TFG\4.2.Integracion-y-entrega-continua-ejem-1\actions-runner\bin'
[2023-11-14 19:03:22Z INFO HostContext] Well known directory 'Root': 'C:\Users\Sergio\TFG\4.2.Integracion-y-entrega-continua-ejem-1\actions-runner'
[2023-11-14 19:03:22Z INFO HostContext] Well known config file 'Runner': 'C:\Users\Sergio\TFG\4.2.Integracion-y-entrega-continua-ejem-1\actions-runner\.runner'
[2023-11-14 19:03:22Z INFO ConfigurationStore] ConfigFilePath: C:\Users\Sergio\TFG\4.2.Integracion-y-entrega-continua-ejem-1\actions-runner\.runner
[2023-11-14 19:03:22Z INFO HostContext] Well known directory 'Bin': 'C:\Users\Sergio\TFG\4.2.Integracion-y-entrega-continua-ejem-1\actions-runner\bin'
[2023-11-14 19:03:22Z INFO HostContext] Well known directory 'Root': 'C:\Users\Sergio\TFG\4.2.Integracion-y-entrega-continua-ejem-1\actions-runner'
[2023-11-14 19:03:22Z INFO HostContext] Well known config file 'Credentials': 'C:\Users\Sergio\TFG\4.2.Integracion-y-entrega-continua-ejem-1\actions-runner\.credentials'
[2023-11-14 19:03:22Z INFO ConfigurationStore] CredFilePath: C:\Users\Sergio\TFG\4.2.Integracion-y-entrega-continua-ejem-1\actions-runner\.credentials
[2023-11-14 19:03:22Z INFO HostContext] Well known directory 'Bin': 'C:\Users\Sergio\TFG\4.2.Integracion-y-entrega-continua-ejem-1\actions-runner\bin'
[2023-11-14 19:03:22Z INFO HostContext] Well known directory 'Root': 'C:\Users\Sergio\TFG\4.2.Integracion-y-entrega-continua-ejem-1\actions-runner'
[2023-11-14 19:03:22Z INFO HostContext] Well known config file 'MigratedCredentials': 'C:\Users\Sergio\TFG\4.2.Integracion-y-entrega-continua-ejem-1\actions-runner\.credentials_migrated'
[2023-11-14 19:03:22Z INFO ConfigurationStore] MigratedCredFilePath: C:\Users\Sergio\TFG\4.2.Integracion-y-entrega-continua-ejem-1\actions-runner\.credentials_migrated
[2023-11-14 19:03:22Z INFO HostContext] Well known directory 'Bin': 'C:\Users\Sergio\TFG\4.2.Integracion-y-entrega-continua-ejem-1\actions-runner\bin'
[2023-11-14 19:03:22Z INFO HostContext] Well known directory 'Root': 'C:\Users\Sergio\TFG\4.2.Integracion-y-entrega-continua-ejem-1\actions-runner'
[2023-11-14 19:03:22Z INFO HostContext] Well known config file 'Service': 'C:\Users\Sergio\TFG\4.2.Integracion-y-entrega-continua-ejem-1\actions-runner\.service'
[2023-11-14 19:03:22Z INFO ConfigurationStore] ServiceConfigFilePath: C:\Users\Sergio\TFG\4.2.Integracion-y-entrega-continua-ejem-1\actions-runner\.service
[2023-11-14 19:03:22Z INFO CommandSettings] Flag 'help': 'False'
[2023-11-14 19:03:22Z INFO CommandSettings] Flag 'version': 'False'
[2023-11-14 19:03:22Z INFO CommandSettings] Flag 'commit': 'False'
[2023-11-14 19:03:22Z INFO CommandSettings] Flag 'check': 'False'
[2023-11-14 19:03:22Z INFO CommandSettings] Command 'configure': 'True'
[2023-11-14 19:03:22Z INFO Terminal] WRITE LINE: 
[2023-11-14 19:03:22Z INFO Terminal] WRITE LINE: --------------------------------------------------------------------------------
[2023-11-14 19:03:22Z INFO Terminal] WRITE LINE: |        ____ _ _   _   _       _          _        _   _                      |
[2023-11-14 19:03:22Z INFO Terminal] WRITE LINE: |       / ___(_) |_| | | |_   _| |__      / \   ___| |_(_) ___  _ __  ___      |
[2023-11-14 19:03:22Z INFO Terminal] WRITE LINE: |      | |  _| | __| |_| | | | | '_ \    / _ \ / __| __| |/ _ \| '_ \/ __|     |
[2023-11-14 19:03:22Z INFO Terminal] WRITE LINE: |      | |_| | | |_|  _  | |_| | |_) |  / ___ \ (__| |_| | (_) | | | \__ \     |
[2023-11-14 19:03:22Z INFO Terminal] WRITE LINE: |       \____|_|\__|_| |_|\__,_|_.__/  /_/   \_\___|\__|_|\___/|_| |_|___/     |
[2023-11-14 19:03:22Z INFO Terminal] WRITE LINE: |                                                                              |
[2023-11-14 19:03:22Z INFO Terminal] WRITE: |                       
[2023-11-14 19:03:22Z INFO Terminal] WRITE: Self-hosted runner registration
[2023-11-14 19:03:22Z INFO Terminal] WRITE LINE:                         |
[2023-11-14 19:03:22Z INFO Terminal] WRITE LINE: |                                                                              |
[2023-11-14 19:03:22Z INFO Terminal] WRITE LINE: --------------------------------------------------------------------------------
[2023-11-14 19:03:22Z INFO ConfigurationManager] ConfigureAsync
[2023-11-14 19:03:22Z INFO CommandSettings] Flag 'generateServiceConfig': 'False'
[2023-11-14 19:03:22Z INFO ConfigurationStore] IsConfigured()
[2023-11-14 19:03:22Z INFO ConfigurationStore] IsConfigured: False
[2023-11-14 19:03:22Z INFO ConfigurationManager] Is configured: False
[2023-11-14 19:03:22Z INFO CommandSettings] Arg 'url': 'https://github.com/Torres289/4.2.Integracion-y-entrega-continua-ejem-1'
[2023-11-14 19:03:22Z INFO CommandSettings] Remove url from Arg dictionary.
[2023-11-14 19:03:22Z INFO CommandSettings] Arg 'token': '***'
[2023-11-14 19:03:22Z INFO CommandSettings] Remove token from Arg dictionary.
[2023-11-14 19:03:23Z INFO ConfigurationManager] Http response code: OK from 'POST https://api.github.com/actions/runner-registration' (CF09:1B81:34B88A95:3555753F:6553C47A)
[2023-11-14 19:03:23Z INFO ConfigurationManager] Using V2 flow: False
[2023-11-14 19:03:23Z INFO ConfigurationManager] cred retrieved via GitHub auth
[2023-11-14 19:03:23Z INFO RunnerServer] EstablishVssConnection
[2023-11-14 19:03:23Z INFO RunnerServer] Establish connection with 100 seconds timeout.
[2023-11-14 19:03:23Z INFO GitHubActionsService] Starting operation Location.GetConnectionData
[2023-11-14 19:03:23Z INFO RunnerServer] EstablishVssConnection
[2023-11-14 19:03:23Z INFO RunnerServer] Establish connection with 60 seconds timeout.
[2023-11-14 19:03:23Z INFO GitHubActionsService] Starting operation Location.GetConnectionData
[2023-11-14 19:03:23Z INFO RunnerServer] EstablishVssConnection
[2023-11-14 19:03:23Z INFO RunnerServer] Establish connection with 60 seconds timeout.
[2023-11-14 19:03:23Z INFO GitHubActionsService] Starting operation Location.GetConnectionData
[2023-11-14 19:03:23Z INFO GitHubActionsService] Finished operation Location.GetConnectionData
[2023-11-14 19:03:23Z INFO GitHubActionsService] Finished operation Location.GetConnectionData
[2023-11-14 19:03:24Z INFO GitHubActionsService] Finished operation Location.GetConnectionData
[2023-11-14 19:03:24Z INFO Terminal] WRITE LINE: 
[2023-11-14 19:03:24Z INFO ConfigurationManager] Test Connection complete.
[2023-11-14 19:03:24Z INFO HostContext] Well known directory 'Bin': 'C:\Users\Sergio\TFG\4.2.Integracion-y-entrega-continua-ejem-1\actions-runner\bin'
[2023-11-14 19:03:24Z INFO HostContext] Well known directory 'Root': 'C:\Users\Sergio\TFG\4.2.Integracion-y-entrega-continua-ejem-1\actions-runner'
[2023-11-14 19:03:24Z INFO HostContext] Well known config file 'RSACredentials': 'C:\Users\Sergio\TFG\4.2.Integracion-y-entrega-continua-ejem-1\actions-runner\.credentials_rsaparams'
[2023-11-14 19:03:24Z INFO RSAEncryptedFileKeyManager] Creating new RSA key using 2048-bit key length
[2023-11-14 19:03:24Z INFO RSAEncryptedFileKeyManager] Successfully saved RSA key parameters to file C:\Users\Sergio\TFG\4.2.Integracion-y-entrega-continua-ejem-1\actions-runner\.credentials_rsaparams
[2023-11-14 19:03:24Z INFO CommandSettings] Arg 'runnergroup': ''
[2023-11-14 19:03:24Z INFO CommandSettings] Flag 'unattended': 'False'
[2023-11-14 19:03:24Z INFO PromptManager] ReadValue
[2023-11-14 19:03:24Z INFO Terminal] WRITE: Enter the name of the runner group to add this runner to: 
[2023-11-14 19:03:24Z INFO Terminal] WRITE: [press Enter for Default] 
[2023-11-14 19:03:24Z INFO Terminal] READ LINE
[2023-11-14 19:03:49Z INFO Terminal] Read value: 'testNov'
[2023-11-14 19:03:49Z INFO Terminal] WRITE LINE: 
[2023-11-14 19:03:49Z ERR  Runner] GitHub.DistributedTask.WebApi.TaskAgentPoolNotFoundException: Could not find any self-hosted runner group named "testNov".
   at GitHub.Runner.Listener.Configuration.ConfigurationManager.ConfigureAsync(CommandSettings command)
   at GitHub.Runner.Listener.Runner.ExecuteCommand(CommandSettings command)
[2023-11-14 19:03:49Z ERR  Terminal] WRITE ERROR: Could not find any self-hosted runner group named "testNov".
[2023-11-14 19:03:49Z INFO Listener] Runner execution has finished with return code 1
